  main.cpp
d:\vs_final_project\seetaface\facedetectionandresize\main.cpp(71): warning C4244: “=”: 从“double”转换到“_Tp”，可能丢失数据
          with
          [
              _Tp=int
          ]
d:\vs_final_project\seetaface\facedetectionandresize\main.cpp(72): warning C4244: “=”: 从“double”转换到“_Tp”，可能丢失数据
          with
          [
              _Tp=int
          ]
d:\vs_final_project\seetaface\facedetectionandresize\main.cpp(73): warning C4244: “=”: 从“double”转换到“_Tp”，可能丢失数据
          with
          [
              _Tp=int
          ]
d:\vs_final_project\seetaface\facedetectionandresize\main.cpp(74): warning C4244: “=”: 从“double”转换到“_Tp”，可能丢失数据
          with
          [
              _Tp=int
          ]
d:\vs_final_project\seetaface\facedetectionandresize\main.cpp(102): warning C4244: “=”: 从“double”转换到“_Tp”，可能丢失数据
          with
          [
              _Tp=int
          ]
d:\vs_final_project\seetaface\facedetectionandresize\main.cpp(103): warning C4244: “=”: 从“double”转换到“_Tp”，可能丢失数据
          with
          [
              _Tp=int
          ]
d:\vs_final_project\seetaface\facedetectionandresize\main.cpp(105): warning C4244: “=”: 从“double”转换到“_Tp”，可能丢失数据
          with
          [
              _Tp=int
          ]
d:\vs_final_project\seetaface\facedetectionandresize\main.cpp(106): warning C4244: “=”: 从“double”转换到“_Tp”，可能丢失数据
          with
          [
              _Tp=int
          ]
d:\vs_final_project\seetaface\facedetectionandresize\main.cpp(147): warning C4244: “初始化”: 从“double”转换到“int”，可能丢失数据
d:\vs_final_project\seetaface\facedetectionandresize\main.cpp(148): warning C4244: “初始化”: 从“double”转换到“int”，可能丢失数据
d:\vs_final_project\seetaface\facedetectionandresize\main.cpp(149): warning C4244: “参数”: 从“double”转换到“_Tp”，可能丢失数据
          with
          [
              _Tp=int
          ]
d:\vs_final_project\seetaface\facedetectionandresize\main.cpp(154): warning C4244: “参数”: 从“double”转换到“_Tp”，可能丢失数据
          with
          [
              _Tp=int
          ]
d:\vs_final_project\seetaface\facedetectionandresize\main.cpp(158): warning C4244: “参数”: 从“double”转换到“_Tp”，可能丢失数据
          with
          [
              _Tp=int
          ]
  正在生成代码
  1 of 213 functions ( 0.5%) were compiled, the rest were copied from previous compilation.
    0 functions were new in current compilation
    0 functions had inline decision re-evaluated but remain unchanged
  已完成代码的生成
  FaceDetectionAndResize.vcxproj -> D:\vs_final_project\SeetaFace\x64\Release\FaceDetectionAndResize.exe
